[19:25:26] [main/WARN]: Ambiguity between arguments [teleport, destination] and [teleport, targets] with inputs: [Player, 0123, @e, dd12be42-52a9-4a91-a8a1-11c01849e498]
[19:25:26] [main/WARN]: Ambiguity between arguments [teleport, location] and [teleport, destination] with inputs: [0.1 -0.5 .9, 0 0 0]
[19:25:26] [main/WARN]: Ambiguity between arguments [teleport, location] and [teleport, targets] with inputs: [0.1 -0.5 .9, 0 0 0]
[19:25:26] [main/WARN]: Ambiguity between arguments [teleport, targets] and [teleport, destination] with inputs: [Player, 0123, dd12be42-52a9-4a91-a8a1-11c01849e498]
[19:25:26] [main/WARN]: Ambiguity between arguments [teleport, targets, location] and [teleport, targets, destination] with inputs: [0.1 -0.5 .9, 0 0 0]
[19:25:26] [Server thread/INFO]: Starting minecraft server version 1.15.2
[19:25:26] [Server thread/INFO]: Loading properties
[19:25:26] [Server thread/INFO]: Default game type: SURVIVAL
[19:25:26] [Server thread/INFO]: Generating keypair
[19:25:26] [Server thread/INFO]: Starting Minecraft server on 192.168.0.5:25565
[19:25:26] [Server thread/INFO]: Using default channel type
[19:25:28] [Server thread/INFO]: Preparing level "world"
[19:25:28] [Server thread/INFO]: Reloading ResourceManager: Default
[19:25:29] [Server thread/INFO]: Loaded 6 recipes
[19:25:29] [Server thread/INFO]: Loaded 825 advancements
[19:25:30] [Server thread/INFO]: Preparing start region for dimension minecraft:overworld
[19:25:31] [Server thread/INFO]: Preparing spawn area: 0%
[19:25:31] [Server thread/INFO]: Preparing spawn area: 0%
[19:25:31] [Server thread/INFO]: Preparing spawn area: 0%
[19:25:31] [Server thread/INFO]: Time elapsed: 1333 ms
[19:25:31] [Server thread/INFO]: Done (3.046s)! For help, type "help"
[19:25:32] [User Authenticator #1/INFO]: UUID of player TalkingBacon142 is c6177067-f03c-4836-8c19-4b216aec0a6b
[19:25:32] [Server thread/INFO]: TalkingBacon142[/192.168.0.1:56517] logged in with entity id 98 at (-413.49374785041147, 72.0, 108.50094749678773)
[19:25:32] [Server thread/INFO]: TalkingBacon142 joined the game
[19:25:34] [User Authenticator #2/INFO]: UUID of player Pr0xViiSioNs is f6ca2652-8a8b-4e81-92f9-ad3ef4a34485
[19:25:34] [Server thread/INFO]: Pr0xViiSioNs[/49.2.106.144:49580] logged in with entity id 109 at (194.1937200787083, 75.0, -260.4173150824501)
[19:25:34] [Server thread/INFO]: Pr0xViiSioNs joined the game
[19:26:56] [Server thread/INFO]: TalkingBacon142 has made the advancement [Monster Hunter]
[19:28:03] [Server thread/INFO]: Pr0xViiSioNs has made the advancement [Stone Age]
[19:30:34] [Server thread/WARN]: TalkingBacon142 moved too quickly! 2.783143979449335,0.0,9.871370880748827
[19:30:34] [Server thread/WARN]: Pr0xViiSioNs moved too quickly! -8.92382022753948,0.9554255764952018,-4.655332863027809
[19:30:34] [Server thread/WARN]: Can't keep up! Is the server overloaded? Running 3231ms or 64 ticks behind
[19:33:18] [Server thread/INFO]: Pr0xViiSioNs has made the advancement [Getting an Upgrade]
[19:33:41] [Server thread/INFO]: TalkingBacon142 has made the advancement [Stone Age]
[19:36:24] [Server thread/INFO]: TalkingBacon142 has made the advancement [Getting an Upgrade]
[19:37:45] [Server thread/INFO]: Pr0xViiSioNs has made the advancement [Monster Hunter]
[19:39:58] [User Authenticator #3/INFO]: UUID of player NadeZHD is 2fe41d5f-aeca-4851-90e3-3a41f7b07b01
[19:39:58] [Server thread/INFO]: NadeZHD[/1.40.100.236:55092] logged in with entity id 6084 at (-409.34866120752724, 72.0, 111.0301942580679)
[19:39:58] [Server thread/INFO]: NadeZHD joined the game
[19:40:36] [Server thread/WARN]: NadeZHD moved too quickly! -9.390826986900834,-0.2468000194787976,-3.6217582689632764
[19:40:56] [Server thread/INFO]: [NadeZHD: Set the time to 1000]
[19:42:53] [Server thread/INFO]: [TalkingBacon142: Set the weather to clear]
[19:45:18] [User Authenticator #4/INFO]: UUID of player YaDeenElAyr is 04705458-3541-4fab-af53-c2dece30ab0e
[19:45:18] [Server thread/INFO]: YaDeenElAyr[/1.41.114.32:49367] logged in with entity id 7648 at (-36.5, 71.0, -208.5)
[19:45:18] [Server thread/INFO]: YaDeenElAyr joined the game
[19:45:24] [Server thread/INFO]: Pr0xViiSioNs has made the advancement [Acquire Hardware]
[19:46:12] [Server thread/INFO]: [TalkingBacon142: Made YaDeenElAyr a server operator]
[19:46:51] [Server thread/INFO]: [YaDeenElAyr: Teleported YaDeenElAyr to NadeZHD]
[19:47:05] [Server thread/INFO]: [TalkingBacon142: Teleported TalkingBacon142 to YaDeenElAyr]
[19:47:05] [Server thread/WARN]: TalkingBacon142 moved too quickly! 22.033525435499143,18.0,-71.42497056536426
[19:47:08] [Server thread/INFO]: NadeZHD has made the advancement [Acquire Hardware]
[19:48:00] [Server thread/INFO]: [TalkingBacon142: Set the weather to clear]
[19:48:10] [Server thread/INFO]: YaDeenElAyr has made the advancement [Getting an Upgrade]
[19:50:42] [Server thread/INFO]: Pr0xViiSioNs has made the advancement [Sweet Dreams]
[19:50:59] [Server thread/INFO]: [NadeZHD: Teleported NadeZHD to TalkingBacon142]
[19:50:59] [Server thread/WARN]: NadeZHD moved too quickly! -36.12919002433472,-21.0,86.70255674392307
[19:51:15] [Server thread/INFO]: Pr0xViiSioNs has made the advancement [Isn't It Iron Pick]
[19:51:17] [Server thread/INFO]: [TalkingBacon142: Set the time to 1000]
[19:54:25] [Server thread/INFO]: [YaDeenElAyr: Set the time to 1000]
[19:54:35] [Server thread/INFO]: [YaDeenElAyr: Set the weather to clear]
[19:55:41] [Server thread/INFO]: [NadeZHD: Teleported NadeZHD to YaDeenElAyr]
[19:57:41] [Server thread/INFO]: [TalkingBacon142: Made Pr0xViiSioNs a server operator]
[19:57:56] [Server thread/INFO]: [Pr0xViiSioNs: Teleported Pr0xViiSioNs to YaDeenElAyr]
[19:58:35] [Server thread/INFO]: [Pr0xViiSioNs: Teleported Pr0xViiSioNs to TalkingBacon142]
[19:58:41] [Server thread/INFO]: TalkingBacon142 has made the advancement [Isn't It Iron Pick]
[19:58:48] [Server thread/INFO]: [Pr0xViiSioNs: Teleported Pr0xViiSioNs to YaDeenElAyr]
[19:59:38] [Server thread/INFO]: [Pr0xViiSioNs: Teleported Pr0xViiSioNs to TalkingBacon142]
[19:59:45] [Server thread/INFO]: TalkingBacon142 has made the advancement [Diamonds!]
[19:59:54] [Server thread/INFO]: [YaDeenElAyr: Set the weather to clear]
[20:00:56] [Server thread/INFO]: Pr0xViiSioNs has made the advancement [Diamonds!]
[20:02:45] [Server thread/INFO]: YaDeenElAyr lost connection: Disconnected
[20:02:45] [Server thread/INFO]: YaDeenElAyr left the game
[20:02:49] [Server thread/INFO]: NadeZHD has made the advancement [Suit Up]
[20:06:37] [Server thread/INFO]: [NadeZHD: Set the time to 1000]
[20:06:45] [Server thread/INFO]: [NadeZHD: Set the weather to clear]
[20:07:31] [Server thread/INFO]: TalkingBacon142 burned to death
[20:07:47] [Server thread/INFO]: [TalkingBacon142: Teleported TalkingBacon142 to Pr0xViiSioNs]
[20:07:47] [Server thread/WARN]: Fetching packet for removed entity awb['Coal'/13841, l='world', x=-460.40, y=25.14, z=184.88]
[20:09:28] [Server thread/INFO]: [Pr0xViiSioNs: Teleported Pr0xViiSioNs to NadeZHD]
[20:10:24] [Server thread/INFO]: NadeZHD has made the advancement [A Seedy Place]
[20:11:58] [Server thread/INFO]: Pr0xViiSioNs has made the advancement [Best Friends Forever]
[20:15:25] [Server thread/INFO]: NadeZHD lost connection: Disconnected
[20:15:25] [Server thread/INFO]: NadeZHD left the game
[20:15:27] [Server thread/INFO]: TalkingBacon142 lost connection: Disconnected
[20:15:27] [Server thread/INFO]: TalkingBacon142 left the game
[20:15:36] [User Authenticator #5/INFO]: UUID of player NadeZHD is 2fe41d5f-aeca-4851-90e3-3a41f7b07b01
[20:15:36] [Server thread/INFO]: NadeZHD[/142.44.143.114:55232] logged in with entity id 15499 at (-493.0480750417899, 67.0, 122.90955091213648)
[20:15:36] [Server thread/INFO]: NadeZHD joined the game
[20:15:38] [User Authenticator #6/INFO]: UUID of player TalkingBacon142 is c6177067-f03c-4836-8c19-4b216aec0a6b
[20:15:38] [Server thread/INFO]: TalkingBacon142[/142.44.143.114:56778] logged in with entity id 15605 at (-394.30000001192093, 72.0, 114.613626742351)
[20:15:38] [Server thread/INFO]: TalkingBacon142 joined the game
[20:27:03] [Server thread/INFO]: Pr0xViiSioNs lost connection: Disconnected
[20:27:03] [Server thread/INFO]: Pr0xViiSioNs left the game
[20:28:42] [Server thread/INFO]: [NadeZHD: Set the time to 1000]
[20:38:37] [Server thread/INFO]: TalkingBacon142 has made the advancement [Acquire Hardware]
[20:49:59] [Server thread/INFO]: NadeZHD lost connection: Disconnected
[20:49:59] [Server thread/INFO]: NadeZHD left the game
[20:50:05] [User Authenticator #7/INFO]: UUID of player NadeZHD is 2fe41d5f-aeca-4851-90e3-3a41f7b07b01
[20:50:05] [Server thread/INFO]: NadeZHD[/1.40.100.236:55305] logged in with entity id 22284 at (-536.4789299499819, 63.0, 171.5908032287604)
[20:50:05] [Server thread/INFO]: NadeZHD joined the game
[20:56:28] [Server thread/INFO]: TalkingBacon142 has made the advancement [Best Friends Forever]
[21:00:06] [Server thread/INFO]: TalkingBacon142 has made the advancement [The Parrots and the Bats]
[21:11:42] [Server thread/INFO]: [NadeZHD: Set the time to 1000]
[21:19:11] [Server thread/INFO]: [TalkingBacon142: Set the time to 1000]
[21:19:16] [Server thread/INFO]: [TalkingBacon142: Set the weather to clear]
[21:22:42] [Server thread/INFO]: NadeZHD has made the advancement [The Parrots and the Bats]
[21:28:37] [Server thread/INFO]: TalkingBacon142 has made the advancement [A Seedy Place]
[21:31:23] [Server thread/INFO]: TalkingBacon142 lost connection: Disconnected
[21:31:23] [Server thread/INFO]: TalkingBacon142 left the game
[21:31:56] [User Authenticator #8/INFO]: UUID of player TalkingBacon142 is c6177067-f03c-4836-8c19-4b216aec0a6b
[21:31:56] [Server thread/INFO]: TalkingBacon142[/142.44.143.114:57212] logged in with entity id 28887 at (-542.3610566119777, 63.0, 174.12540255506607)
[21:31:56] [Server thread/INFO]: TalkingBacon142 joined the game
[21:41:24] [Server thread/INFO]: TalkingBacon142 has made the advancement [Take Aim]
[21:44:04] [Server thread/INFO]: NadeZHD lost connection: Disconnected
[21:44:04] [Server thread/INFO]: NadeZHD left the game
[22:01:58] [Server thread/INFO]: [TalkingBacon142: Set the time to 1000]
[22:11:57] [Server thread/INFO]: [TalkingBacon142: Set the time to 1000]
[22:22:37] [Server thread/INFO]: [TalkingBacon142: Set own game mode to Creative Mode]
[22:30:32] [Server thread/INFO]: [TalkingBacon142: Set the time to 1000]
[22:34:37] [Server thread/WARN]: Fetching packet for removed entity awb['Air'/37904, l='world', x=-560.38, y=64.00, z=148.08]
[22:36:21] [Server thread/WARN]: Fetching packet for removed entity awb['Air'/38120, l='world', x=-569.40, y=64.00, z=148.71]
[22:37:07] [Server thread/WARN]: Fetching packet for removed entity awb['Air'/38266, l='world', x=-569.08, y=64.00, z=149.14]
[22:41:54] [Server thread/WARN]: Fetching packet for removed entity awb['Air'/38841, l='world', x=-569.15, y=64.00, z=153.82]
[22:42:37] [Server thread/INFO]: [TalkingBacon142: Set the time to 1000]
[22:46:33] [Server thread/WARN]: Fetching packet for removed entity awb['Air'/39432, l='world', x=-568.41, y=64.00, z=155.10]
[22:54:46] [Server thread/WARN]: Fetching packet for removed entity awb['Air'/40394, l='world', x=-564.17, y=64.00, z=150.14]
[23:12:23] [Server thread/INFO]: [TalkingBacon142: Set own game mode to Survival Mode]
[23:12:31] [Server thread/WARN]: Fetching packet for removed entity awb['Air'/42566, l='world', x=-567.28, y=64.00, z=150.29]
[23:13:52] [Server thread/INFO]: [TalkingBacon142: Set the time to 1000]
[23:16:52] [Server thread/WARN]: TalkingBacon142 moved too quickly! 5.697283636502107,0.0,8.262545731987387
[23:24:48] [Server thread/WARN]: Fetching packet for removed entity awb['Air'/45023, l='world', x=-568.78, y=64.00, z=151.90]
[23:25:51] [Server thread/INFO]: [TalkingBacon142: Set the time to 1000]
[23:26:07] [Server thread/WARN]: Fetching packet for removed entity awb['Air'/45223, l='world', x=-566.42, y=64.00, z=151.09]
[23:37:28] [Server thread/INFO]: [TalkingBacon142: Set the time to 1000]
[23:41:24] [Server thread/INFO]: [TalkingBacon142: Set own game mode to Creative Mode]
[23:41:52] [Server thread/INFO]: [TalkingBacon142: Set own game mode to Survival Mode]
[23:43:09] [Server thread/INFO]: [TalkingBacon142: Set own game mode to Creative Mode]
[23:43:54] [Server thread/WARN]: Fetching packet for removed entity awb['Air'/48044, l='world', x=-569.49, y=64.00, z=150.79]
[23:46:41] [Server thread/INFO]: [TalkingBacon142: Set own game mode to Survival Mode]
[23:47:54] [Server thread/WARN]: Fetching packet for removed entity awb['Air'/48501, l='world', x=-568.98, y=64.00, z=150.75]
[23:48:45] [Server thread/INFO]: [TalkingBacon142: Set the time to 1000]
[23:49:02] [Server thread/INFO]: [TalkingBacon142: Set the weather to clear]
[23:55:44] [Server thread/INFO]: [TalkingBacon142: Set the time to 1000]
[23:55:47] [Server thread/INFO]: [TalkingBacon142: Set the weather to clear]
[23:58:47] [Server thread/INFO]: [TalkingBacon142: Saved the game]
[23:58:51] [Server thread/INFO]: TalkingBacon142 lost connection: Disconnected
[23:58:51] [Server thread/INFO]: TalkingBacon142 left the game
[23:58:54] [Server thread/INFO]: Stopping the server
[23:58:54] [Server thread/INFO]: Stopping server
[23:58:55] [Server thread/INFO]: Saving players
[23:58:55] [Server thread/INFO]: Saving worlds
[23:58:55] [Server thread/INFO]: Saving chunks for level 'world'/minecraft:overworld
[23:58:56] [Server thread/INFO]: ThreadedAnvilChunkStorage (world): All chunks are saved
[23:58:56] [Server thread/INFO]: Saving chunks for level 'world'/minecraft:the_nether
[23:58:56] [Server thread/INFO]: ThreadedAnvilChunkStorage (DIM-1): All chunks are saved
[23:58:56] [Server thread/INFO]: Saving chunks for level 'world'/minecraft:the_end
[23:58:56] [Server thread/INFO]: ThreadedAnvilChunkStorage (DIM1): All chunks are saved
[23:58:56] [Server thread/INFO]: ThreadedAnvilChunkStorage (world): All chunks are saved
[23:58:59] [Server thread/INFO]: ThreadedAnvilChunkStorage (DIM-1): All chunks are saved
[23:58:59] [Server thread/INFO]: ThreadedAnvilChunkStorage (DIM1): All chunks are saved
